<?xml version="1.0" encoding="UTF-8"?>
<testsuite xmlns:xsi="http://www.w3.org/2001/XMLSchema-instance" xsi:noNamespaceSchemaLocation="https://maven.apache.org/surefire/maven-surefire-plugin/xsd/surefire-test-report.xsd" name="com.fourthjan.TestDataProv" time="22.912" tests="2" errors="0" skipped="0" failures="1">
  <properties>
[...]
</properties>
  <testcase name="testAmazon" classname="com.fourthjan.TestDataProv" time="6.971"/>
  <testcase name="testAmazon" classname="com.fourthjan.TestDataProv" time="0.028">
    <failure message="no such element: Unable to locate element: {&quot;method&quot;:&quot;xpath&quot;,&quot;selector&quot;:&quot;//input[@id=&apos;twotabsearchtextbox&apos;]&quot;}&#10;  (Session info: chrome=131.0.6778.204)&#10;For documentation on this error, please visit: https://www.selenium.dev/documentation/webdriver/troubleshooting/errors#no-such-element-exception&#10;Build info: version: &apos;4.27.0&apos;, revision: &apos;d6e718d134&apos;&#10;System info: os.name: &apos;Linux&apos;, os.arch: &apos;amd64&apos;, os.version: &apos;6.1.100+&apos;, java.version: &apos;17.0.12&apos;&#10;Driver info: org.openqa.selenium.remote.RemoteWebDriver&#10;Command: [71e14d615339db061195c92cff42ae86, findElement {value=//input[@id=&apos;twotabsearchtextbox&apos;], using=xpath}]&#10;Capabilities {acceptInsecureCerts: false, browserName: chrome, browserVersion: 131.0.6778.204, chrome: {chromedriverVersion: 131.0.6778.204 (52183f9e99a..., userDataDir: /tmp/.org.chromium.Chromium...}, fedcm:accounts: true, goog:chromeOptions: {debuggerAddress: localhost:38753}, networkConnectionEnabled: false, pageLoadStrategy: normal, platformName: linux, proxy: Proxy(), se:bidiEnabled: false, se:cdp: ws://10.80.108.4:4444/sessi..., se:cdpVersion: 131.0.6778.204, se:containerName: , se:noVncPort: 7900, se:vnc: ws://10.80.108.4:4444/sessi..., se:vncEnabled: true, se:vncLocalAddress: ws://10.80.108.4:7900, setWindowRect: true, strictFileInteractability: false, timeouts: {implicit: 0, pageLoad: 300000, script: 30000}, unhandledPromptBehavior: dismiss and notify, webauthn:extension:credBlob: true, webauthn:extension:largeBlob: true, webauthn:extension:minPinLength: true, webauthn:extension:prf: true, webauthn:virtualAuthenticators: true}&#10;Session ID: 71e14d615339db061195c92cff42ae86" type="org.openqa.selenium.NoSuchElementException">org.openqa.selenium.NoSuchElementException: 
no such element: Unable to locate element: {"method":"xpath","selector":"//input[@id='twotabsearchtextbox']"}
  (Session info: chrome=131.0.6778.204)
For documentation on this error, please visit: https://www.selenium.dev/documentation/webdriver/troubleshooting/errors#no-such-element-exception
Build info: version: '4.27.0', revision: 'd6e718d134'
System info: os.name: 'Linux', os.arch: 'amd64', os.version: '6.1.100+', java.version: '17.0.12'
Driver info: org.openqa.selenium.remote.RemoteWebDriver
Command: [71e14d615339db061195c92cff42ae86, findElement {value=//input[@id='twotabsearchtextbox'], using=xpath}]
Capabilities {acceptInsecureCerts: false, browserName: chrome, browserVersion: 131.0.6778.204, chrome: {chromedriverVersion: 131.0.6778.204 (52183f9e99a..., userDataDir: /tmp/.org.chromium.Chromium...}, fedcm:accounts: true, goog:chromeOptions: {debuggerAddress: localhost:38753}, networkConnectionEnabled: false, pageLoadStrategy: normal, platformName: linux, proxy: Proxy(), se:bidiEnabled: false, se:cdp: ws://10.80.108.4:4444/sessi..., se:cdpVersion: 131.0.6778.204, se:containerName: , se:noVncPort: 7900, se:vnc: ws://10.80.108.4:4444/sessi..., se:vncEnabled: true, se:vncLocalAddress: ws://10.80.108.4:7900, setWindowRect: true, strictFileInteractability: false, timeouts: {implicit: 0, pageLoad: 300000, script: 30000}, unhandledPromptBehavior: dismiss and notify, webauthn:extension:credBlob: true, webauthn:extension:largeBlob: true, webauthn:extension:minPinLength: true, webauthn:extension:prf: true, webauthn:virtualAuthenticators: true}
Session ID: 71e14d615339db061195c92cff42ae86
	at com.fourthjan.TestDataProv.testAmazon(TestDataProv.java:59)
</failure>
    <system-out><![CDATA[https://www.amazon.in/
null
]]></system-out>
  </testcase>
</testsuite>