<?xml version="1.0" encoding="UTF-8"?>
<testng-results ignored="0" total="1" passed="1" failed="0" skipped="0">
  <reporter-output>
  </reporter-output>
  <suite started-at="2025-01-05T06:10:32 UTC" name="Surefire suite" finished-at="2025-01-05T06:10:36 UTC" duration-ms="4760">
    <groups>
    </groups>
    <test started-at="2025-01-05T06:10:32 UTC" name="Surefire test" finished-at="2025-01-05T06:10:36 UTC" duration-ms="4760">
      <class name="com.hybriddemo.TestHybrid">
        <test-method is-config="true" signature="setup()[pri:0, instance:com.hybriddemo.TestHybrid@6a79c292]" started-at="2025-01-05T06:10:32 UTC" name="setup" finished-at="2025-01-05T06:10:35 UTC" duration-ms="3769" status="PASS">
          <reporter-output>
          </reporter-output>
        </test-method> <!-- setup -->
        <test-method signature="testHotel()[pri:0, instance:com.hybriddemo.TestHybrid@6a79c292]" started-at="2025-01-05T06:10:35 UTC" name="testHotel" finished-at="2025-01-05T06:10:36 UTC" duration-ms="867" status="PASS">
          <reporter-output>
          </reporter-output>
        </test-method> <!-- testHotel -->
        <test-method is-config="true" signature="tearDown()[pri:0, instance:com.hybriddemo.TestHybrid@6a79c292]" started-at="2025-01-05T06:10:36 UTC" name="tearDown" finished-at="2025-01-05T06:10:36 UTC" duration-ms="92" status="PASS">
          <reporter-output>
          </reporter-output>
        </test-method> <!-- tearDown -->
      </class> <!-- com.hybriddemo.TestHybrid -->
    </test> <!-- Surefire test -->
  </suite> <!-- Surefire suite -->
</testng-results>
