<?xml version="1.0" encoding="UTF-8"?>
<testng-results ignored="0" total="3" passed="3" failed="0" skipped="0">
  <reporter-output>
  </reporter-output>
  <suite started-at="2025-01-05T09:46:31 UTC" name="Surefire suite" finished-at="2025-01-05T09:47:01 UTC" duration-ms="29483">
    <groups>
    </groups>
    <test started-at="2025-01-05T09:46:31 UTC" name="Surefire test" finished-at="2025-01-05T09:47:01 UTC" duration-ms="29483">
      <class name="com.hybriddemo.TestHybrid">
        <test-method is-config="true" signature="setup()[pri:0, instance:com.hybriddemo.TestHybrid@96def03]" started-at="2025-01-05T09:46:32 UTC" name="setup" finished-at="2025-01-05T09:46:36 UTC" duration-ms="3699" status="PASS">
          <reporter-output>
          </reporter-output>
        </test-method> <!-- setup -->
        <test-method signature="testHotel(java.lang.String,java.lang.String)[pri:0, instance:com.hybriddemo.TestHybrid@96def03]" started-at="2025-01-05T09:46:36 UTC" name="testHotel" data-provider="readData" finished-at="2025-01-05T09:46:42 UTC" duration-ms="5729" status="PASS">
          <params>
            <param index="0">
              <value>
                <![CDATA[vasuvespag]]>
              </value>
            </param>
            <param index="1">
              <value>
                <![CDATA[Vasu1234]]>
              </value>
            </param>
          </params>
          <reporter-output>
          </reporter-output>
        </test-method> <!-- testHotel -->
        <test-method is-config="true" signature="tearDown()[pri:0, instance:com.hybriddemo.TestHybrid@96def03]" started-at="2025-01-05T09:46:42 UTC" name="tearDown" finished-at="2025-01-05T09:46:42 UTC" duration-ms="89" status="PASS">
          <reporter-output>
          </reporter-output>
        </test-method> <!-- tearDown -->
        <test-method is-config="true" signature="setup()[pri:0, instance:com.hybriddemo.TestHybrid@96def03]" started-at="2025-01-05T09:46:42 UTC" name="setup" finished-at="2025-01-05T09:46:44 UTC" duration-ms="2719" status="PASS">
          <reporter-output>
          </reporter-output>
        </test-method> <!-- setup -->
        <test-method signature="testHotel(java.lang.String,java.lang.String)[pri:0, instance:com.hybriddemo.TestHybrid@96def03]" started-at="2025-01-05T09:46:44 UTC" name="testHotel" data-provider="readData" finished-at="2025-01-05T09:46:50 UTC" duration-ms="5680" status="PASS">
          <params>
            <param index="0">
              <value>
                <![CDATA[Tonymontana]]>
              </value>
            </param>
            <param index="1">
              <value>
                <![CDATA[jarvis123]]>
              </value>
            </param>
          </params>
          <reporter-output>
          </reporter-output>
        </test-method> <!-- testHotel -->
        <test-method is-config="true" signature="tearDown()[pri:0, instance:com.hybriddemo.TestHybrid@96def03]" started-at="2025-01-05T09:46:50 UTC" name="tearDown" finished-at="2025-01-05T09:46:50 UTC" duration-ms="76" status="PASS">
          <reporter-output>
          </reporter-output>
        </test-method> <!-- tearDown -->
        <test-method is-config="true" signature="setup()[pri:0, instance:com.hybriddemo.TestHybrid@96def03]" started-at="2025-01-05T09:46:50 UTC" name="setup" finished-at="2025-01-05T09:46:54 UTC" duration-ms="4236" status="PASS">
          <reporter-output>
          </reporter-output>
        </test-method> <!-- setup -->
        <test-method signature="testHotel(java.lang.String,java.lang.String)[pri:0, instance:com.hybriddemo.TestHybrid@96def03]" started-at="2025-01-05T09:46:54 UTC" name="testHotel" data-provider="readData" finished-at="2025-01-05T09:47:00 UTC" duration-ms="5906" status="PASS">
          <params>
            <param index="0">
              <value>
                <![CDATA[ananyaaa]]>
              </value>
            </param>
            <param index="1">
              <value>
                <![CDATA[ananya1601]]>
              </value>
            </param>
          </params>
          <reporter-output>
          </reporter-output>
        </test-method> <!-- testHotel -->
        <test-method is-config="true" signature="tearDown()[pri:0, instance:com.hybriddemo.TestHybrid@96def03]" started-at="2025-01-05T09:47:00 UTC" name="tearDown" finished-at="2025-01-05T09:47:00 UTC" duration-ms="76" status="PASS">
          <reporter-output>
          </reporter-output>
        </test-method> <!-- tearDown -->
        <test-method is-config="true" signature="flushRep()[pri:0, instance:com.hybriddemo.TestHybrid@96def03]" started-at="2025-01-05T09:47:00 UTC" name="flushRep" finished-at="2025-01-05T09:47:01 UTC" duration-ms="373" status="PASS">
          <reporter-output>
          </reporter-output>
        </test-method> <!-- flushRep -->
      </class> <!-- com.hybriddemo.TestHybrid -->
    </test> <!-- Surefire test -->
  </suite> <!-- Surefire suite -->
</testng-results>
