<?xml version="1.0" encoding="UTF-8"?>
<!-- Generated by org.testng.reporters.JUnitXMLReporter -->
<testsuite ignored="0" hostname="cfabdedaaffa321729518beebacfadacfcone-0" failures="0" tests="4" name="Surefire test" time="9.679" errors="0" timestamp="2024-12-31T06:46:20 UTC">
  <testcase classname="com.example.TestSadhguru" name="testHotelApp" time="0.688"/>
  <testcase classname="com.example.TestHotel" name="hotelOpenBrowser" time="3.128"/>
  <testcase classname="com.example.TestHotel" name="login" time="0.654"/>
  <testcase classname="com.example.TestHotel" name="close" time="0.084"/>
</testsuite> <!-- Surefire test -->
