<?xml version="1.0" encoding="UTF-8"?>
<!-- Generated by org.testng.reporters.JUnitXMLReporter -->
<testsuite ignored="0" hostname="cfabdedaaffa321729518beebacfadacfcone-0" failures="0" tests="3" name="Surefire test" time="30.16" errors="0" timestamp="2025-01-05T07:40:16 UTC">
  <testcase classname="com.hybriddemo.TestHybrid" name="testHotel" time="5.949"/>
  <testcase classname="com.hybriddemo.TestHybrid" name="testHotel" time="5.924"/>
  <testcase classname="com.hybriddemo.TestHybrid" name="testHotel" time="5.918"/>
</testsuite> <!-- Surefire test -->
