<?xml version="1.0" encoding="UTF-8"?>
<!-- Generated by org.testng.reporters.JUnitXMLReporter -->
<testsuite ignored="0" hostname="cfabdedaaffa321729518beebacfadacfcone-0" failures="0" tests="3" name="Surefire test" time="14.251" errors="0" timestamp="2025-01-05T07:16:04 UTC">
  <testcase classname="com.hybriddemo.TestHybrid" name="testHotel" time="0.61"/>
  <testcase classname="com.hybriddemo.TestHybrid" name="testHotel" time="0.577"/>
  <testcase classname="com.hybriddemo.TestHybrid" name="testHotel" time="0.629"/>
</testsuite> <!-- Surefire test -->
