<?xml version="1.0" encoding="UTF-8"?>
<testng-results ignored="0" total="4" passed="4" failed="0" skipped="0">
  <reporter-output>
  </reporter-output>
  <suite started-at="2024-12-31T06:46:10 UTC" name="Surefire suite" finished-at="2024-12-31T06:46:20 UTC" duration-ms="9679">
    <groups>
    </groups>
    <test started-at="2024-12-31T06:46:10 UTC" name="Surefire test" finished-at="2024-12-31T06:46:20 UTC" duration-ms="9679">
      <class name="com.example.TestHotel">
        <test-method signature="hotelOpenBrowser()[pri:0, instance:com.example.TestHotel@646be2c3]" started-at="2024-12-31T06:46:16 UTC" name="hotelOpenBrowser" finished-at="2024-12-31T06:46:19 UTC" duration-ms="3128" status="PASS">
          <reporter-output>
          </reporter-output>
        </test-method> <!-- hotelOpenBrowser -->
        <test-method signature="login()[pri:0, instance:com.example.TestHotel@646be2c3]" started-at="2024-12-31T06:46:19 UTC" name="login" finished-at="2024-12-31T06:46:20 UTC" duration-ms="654" status="PASS">
          <reporter-output>
          </reporter-output>
        </test-method> <!-- login -->
        <test-method signature="close()[pri:0, instance:com.example.TestHotel@646be2c3]" started-at="2024-12-31T06:46:20 UTC" name="close" finished-at="2024-12-31T06:46:20 UTC" depends-on-methods="com.example.TestHotel.login, com.example.TestHotel.hotelOpenBrowser" duration-ms="84" status="PASS">
          <reporter-output>
          </reporter-output>
        </test-method> <!-- close -->
      </class> <!-- com.example.TestHotel -->
      <class name="com.example.TestSadhguru">
        <test-method is-config="true" signature="setUp()[pri:0, instance:com.example.TestSadhguru@28c4711c]" started-at="2024-12-31T06:46:10 UTC" name="setUp" finished-at="2024-12-31T06:46:15 UTC" duration-ms="4986" status="PASS">
          <reporter-output>
          </reporter-output>
        </test-method> <!-- setUp -->
        <test-method signature="testHotelApp()[pri:0, instance:com.example.TestSadhguru@28c4711c]" started-at="2024-12-31T06:46:15 UTC" name="testHotelApp" finished-at="2024-12-31T06:46:16 UTC" duration-ms="688" status="PASS">
          <reporter-output>
          </reporter-output>
        </test-method> <!-- testHotelApp -->
        <test-method is-config="true" signature="tearDown()[pri:0, instance:com.example.TestSadhguru@28c4711c]" started-at="2024-12-31T06:46:16 UTC" name="tearDown" finished-at="2024-12-31T06:46:16 UTC" duration-ms="89" status="PASS">
          <reporter-output>
          </reporter-output>
        </test-method> <!-- tearDown -->
      </class> <!-- com.example.TestSadhguru -->
    </test> <!-- Surefire test -->
  </suite> <!-- Surefire suite -->
</testng-results>
