<?xml version="1.0" encoding="UTF-8"?>
<testng-results ignored="0" total="1" passed="1" failed="0" skipped="0">
  <reporter-output>
  </reporter-output>
  <suite started-at="2024-12-31T05:08:04 UTC" name="Surefire suite" finished-at="2024-12-31T05:08:10 UTC" duration-ms="6219">
    <groups>
    </groups>
    <test started-at="2024-12-31T05:08:04 UTC" name="Surefire test" finished-at="2024-12-31T05:08:10 UTC" duration-ms="6219">
      <class name="com.example.TestSadhguru">
        <test-method is-config="true" signature="setUp()[pri:0, instance:com.example.TestSadhguru@71248c21]" started-at="2024-12-31T05:08:04 UTC" name="setUp" finished-at="2024-12-31T05:08:09 UTC" duration-ms="5112" status="PASS">
          <reporter-output>
          </reporter-output>
        </test-method> <!-- setUp -->
        <test-method signature="testHotelApp()[pri:0, instance:com.example.TestSadhguru@71248c21]" started-at="2024-12-31T05:08:09 UTC" name="testHotelApp" finished-at="2024-12-31T05:08:10 UTC" duration-ms="888" status="PASS">
          <reporter-output>
          </reporter-output>
        </test-method> <!-- testHotelApp -->
        <test-method is-config="true" signature="tearDown()[pri:0, instance:com.example.TestSadhguru@71248c21]" started-at="2024-12-31T05:08:10 UTC" name="tearDown" finished-at="2024-12-31T05:08:10 UTC" duration-ms="145" status="PASS">
          <reporter-output>
          </reporter-output>
        </test-method> <!-- tearDown -->
      </class> <!-- com.example.TestSadhguru -->
    </test> <!-- Surefire test -->
  </suite> <!-- Surefire suite -->
</testng-results>
